Arguments: 
  C:\Program Files\nodejs\node.exe C:\Users\marko\AppData\Roaming\npm\node_modules\yarn\bin\yarn.js add --dev hardhat @nomiclabs/hardhat-ethers@npm:hardhat-deploy-ethers ethers

PATH: 
  C:\Program Files\Common Files\Oracle\Java\javapath;C:\Program Files (x86)\Common Files\Oracle\Java\javapath;C:\Python310\Scripts\;C:\Python310\;C:\Windows\system32;C:\Windows;C:\Windows\System32\Wbem;C:\Windows\System32\WindowsPowerShell\v1.0\;C:\Windows\System32\OpenSSH\;C:\ProgramData\chocolatey\bin;C:\Program Files\nodejs\;C:\Program Files\Git\cmd;C:\Program Files\Microsoft SQL Server\150\Tools\Binn\;C:\Program Files\Microsoft SQL Server\Client SDK\ODBC\170\Tools\Binn\;C:\Program Files\dotnet\;C:\Users\marko\.cargo\bin;C:\Users\marko\AppData\Local\Microsoft\WindowsApps;C:\Users\marko\AppData\Local\Programs\Microsoft VS Code\bin;C:\Users\marko\AppData\Roaming\npm;C:\Users\marko\.dotnet\tools;C:\Program Files\Java\jdk-19\bin;

Yarn version: 
  1.22.17

Node version: 
  16.14.0

Platform: 
  win32 x64

Trace: 
  Error: EPERM: operation not permitted, unlink 'C:\Users\marko\OneDrive\Desktop\blockchain\hello-hardhat\node_modules\keccak\prebuilds\win32-x64\node.napi.node'

npm manifest: 
  {
    "name": "hardhat-project",
    "dependencies": {
      "@openzeppelin/contracts": "^4.8.0",
      "dotenv": "^16.0.3"
    },
    "devDependencies": {
      "@nomiclabs/hardhat-ethers": "^2.2.1",
      "@openzeppelin/hardhat-upgrades": "^1.22.0",
      "chai": "^4.3.7",
      "ethers": "^5.7.2"
    }
  }

yarn manifest: 
  No manifest

Lockfile: 
  No lockfile
